<?xml version="1.0" encoding="UTF-8"?>
<!-- Generated by org.testng.reporters.JUnitReportReporter -->
<testsuite hostname="DESKTOP-CE2NKBA" failures="0" tests="1" name="Guru_Test" time="0.700" errors="0" timestamp="2024-07-29T21:58:02 IST" skipped="0">
  <testcase classname="Guru_Test" name="login" time="0.700"/>
  <system-out/>
</testsuite> <!-- Guru_Test -->
