<?xml version="1.0" encoding="UTF-8"?>
<!-- Generated by org.testng.reporters.JUnitReportReporter -->
<testsuite hostname="DESKTOP-CE2NKBA" failures="0" tests="3" name="MyTest.Guru_Test" time="9.968" errors="0" timestamp="2024-07-31T08:57:22 IST" skipped="0">
  <testcase classname="MyTest.Guru_Test" name="login" time="2.255"/>
  <system-out/>
  <testcase classname="MyTest.Guru_Test" name="newCustomer" time="3.287"/>
  <system-out/>
  <testcase classname="MyTest.Guru_Test" name="editCustomer" time="4.426"/>
  <system-out/>
</testsuite> <!-- MyTest.Guru_Test -->
